Microsoft (R) Windows Script Host Version 5.7
Copyright (C) Microsoft Corporation. All rights reserved.

Initializing
Connecting to MySQL
Connecting to TecDoc
***Begin*** import tof_link_la_typ	at  29d.8m.2010 13:11
		Selecting time: 0 seconds
			tof_link_la_typ:	100000		timer: 1.2895833333333333 minutes
			tof_link_la_typ:	200000		timer: 2.57735 minutes
			tof_link_la_typ:	300000		timer: 3.877083333333333 minutes
			tof_link_la_typ:	400000		timer: 5.199216666666667 minutes
			tof_link_la_typ:	500000		timer: 6.53125 minutes
			tof_link_la_typ:	600000		timer: 7.8609333333333335 minutes
			tof_link_la_typ:	700000		timer: 9.185683333333333 minutes
			tof_link_la_typ:	800000		timer: 10.513283333333333 minutes
			tof_link_la_typ:	900000		timer: 11.841416666666667 minutes
			tof_link_la_typ:	1000000		timer: 13.168233333333335 minutes
			tof_link_la_typ:	1100000		timer: 14.494016666666665 minutes
			tof_link_la_typ:	1200000		timer: 15.82475 minutes
			tof_link_la_typ:	1300000		timer: 17.1599 minutes
			tof_link_la_typ:	1400000		timer: 18.492966666666667 minutes
			tof_link_la_typ:	1500000		timer: 19.863016666666666 minutes
			tof_link_la_typ:	1600000		timer: 21.26718333333333 minutes
			tof_link_la_typ:	1700000		timer: 22.634900000000002 minutes
			tof_link_la_typ:	1800000		timer: 23.93385 minutes
			tof_link_la_typ:	1900000		timer: 25.17605 minutes
			tof_link_la_typ:	2000000		timer: 26.413283333333332 minutes
			tof_link_la_typ:	2100000		timer: 27.7 minutes
			tof_link_la_typ:	2200000		timer: 29.043499999999998 minutes
			tof_link_la_typ:	2300000		timer: 30.477083333333333 minutes
			tof_link_la_typ:	2400000		timer: 31.839066666666667 minutes
			tof_link_la_typ:	2500000		timer: 33.17551666666667 minutes
			tof_link_la_typ:	2600000		timer: 34.517450000000004 minutes
			tof_link_la_typ:	2700000		timer: 35.91146666666667 minutes
			tof_link_la_typ:	2800000		timer: 37.31458333333333 minutes
			tof_link_la_typ:	2900000		timer: 38.6375 minutes
			tof_link_la_typ:	3000000		timer: 39.960166666666666 minutes
			tof_link_la_typ:	3100000		timer: 41.36536666666667 minutes
			tof_link_la_typ:	3200000		timer: 42.6974 minutes
			tof_link_la_typ:	3300000		timer: 44.06093333333333 minutes
			tof_link_la_typ:	3400000		timer: 45.40651666666667 minutes
			tof_link_la_typ:	3500000		timer: 47.15208333333333 minutes
			tof_link_la_typ:	3600000		timer: 48.54375 minutes
			tof_link_la_typ:	3700000		timer: 49.81301666666666 minutes
			tof_link_la_typ:	3800000		timer: 51.07058333333334 minutes
			tof_link_la_typ:	3900000		timer: 52.6323 minutes
			tof_link_la_typ:	4000000		timer: 53.80286666666667 minutes
			tof_link_la_typ:	4100000		timer: 55.00963333333333 minutes
			tof_link_la_typ:	4200000		timer: 56.16563333333333 minutes
			tof_link_la_typ:	4300000		timer: 57.53985 minutes
			tof_link_la_typ:	4400000		timer: 58.80963333333333 minutes
			tof_link_la_typ:	4500000		timer: 1.0009333333333334 hours
			tof_link_la_typ:	4600000		timer: 1.0223958333333334 hours
			tof_link_la_typ:	4700000		timer: 1.0487544444444443 hours
			tof_link_la_typ:	4800000		timer: 1.0755383333333334 hours
			tof_link_la_typ:	4900000		timer: 1.0965669444444443 hours
			tof_link_la_typ:	5000000		timer: 1.118888888888889 hours
			tof_link_la_typ:	5100000		timer: 1.144605 hours
			tof_link_la_typ:	5200000		timer: 1.1678386111111112 hours
			tof_link_la_typ:	5300000		timer: 1.1915363888888888 hours
			tof_link_la_typ:	5400000		timer: 1.218103333333333 hours
			tof_link_la_typ:	5500000		timer: 1.2411286111111112 hours
			tof_link_la_typ:	5600000		timer: 1.2642144444444443 hours
			tof_link_la_typ:	5700000		timer: 1.2854036111111111 hours
			tof_link_la_typ:	5800000		timer: 1.3082855555555557 hours
			tof_link_la_typ:	5900000		timer: 1.3289713888888887 hours
			tof_link_la_typ:	6000000		timer: 1.3494097222222223 hours
			tof_link_la_typ:	6100000		timer: 1.3706163888888887 hours
			tof_link_la_typ:	6200000		timer: 1.3948480555555558 hours
			tof_link_la_typ:	6300000		timer: 1.4156988888888888 hours
			tof_link_la_typ:	6400000		timer: 1.4365583333333333 hours
			tof_link_la_typ:	6500000		timer: 1.4589583333333331 hours
			tof_link_la_typ:	6600000		timer: 1.4860375 hours
			tof_link_la_typ:	6700000		timer: 1.5097613888888887 hours
			tof_link_la_typ:	6800000		timer: 1.533945277777778 hours
			tof_link_la_typ:	6900000		timer: 1.5572527777777776 hours
			tof_link_la_typ:	7000000		timer: 1.5838194444444444 hours
			tof_link_la_typ:	7100000		timer: 1.6082855555555555 hours
			tof_link_la_typ:	7200000		timer: 1.6327430555555555 hours
			tof_link_la_typ:	7300000		timer: 1.6626519444444443 hours
			tof_link_la_typ:	7400000		timer: 1.6872655555555555 hours
			tof_link_la_typ:	7500000		timer: 1.7097483333333334 hours
			tof_link_la_typ:	7600000		timer: 1.7313716666666667 hours
			tof_link_la_typ:	7700000		timer: 1.7566016666666664 hours
			tof_link_la_typ:	7800000		timer: 1.777773611111111 hours
			tof_link_la_typ:	7900000		timer: 1.7998263888888888 hours
			tof_link_la_typ:	8000000		timer: 1.8216883333333335 hours
			tof_link_la_typ:	8100000		timer: 1.8470791666666666 hours
			tof_link_la_typ:	8200000		timer: 1.8691363888888887 hours
			tof_link_la_typ:	8300000		timer: 1.891736111111111 hours
			tof_link_la_typ:	8400000		timer: 1.9142405555555555 hours
			tof_link_la_typ:	8500000		timer: 1.9392319444444443 hours
			tof_link_la_typ:	8600000		timer: 1.9613975 hours
			tof_link_la_typ:	8700000		timer: 1.9835591666666665 hours
			tof_link_la_typ:	8800000		timer: 2.007855833333333 hours
			tof_link_la_typ:	8900000		timer: 2.0300044444444443 hours
			tof_link_la_typ:	9000000		timer: 2.0519488888888886 hours
			tof_link_la_typ:	9100000		timer: 2.0738974999999997 hours
			tof_link_la_typ:	9200000		timer: 2.0983638888888887 hours
			tof_link_la_typ:	9300000		timer: 2.120820277777778 hours
			tof_link_la_typ:	9400000		timer: 2.143676388888889 hours
			tof_link_la_typ:	9500000		timer: 2.1671744444444445 hours
			tof_link_la_typ:	9600000		timer: 2.192669444444445 hours
			tof_link_la_typ:	9700000		timer: 2.2146702777777776 hours
			tof_link_la_typ:	9800000		timer: 2.2369575 hours
			tof_link_la_typ:	9900000		timer: 2.2592969444444444 hours
			tof_link_la_typ:	10000000		timer: 2.285594722222222 hours
			tof_link_la_typ:	10100000		timer: 2.3108549999999996 hours
			tof_link_la_typ:	10200000		timer: 2.3330469444444444 hours
			tof_link_la_typ:	10300000		timer: 2.355716111111111 hours
			tof_link_la_typ:	10400000		timer: 2.3819661111111112 hours
			tof_link_la_typ:	10500000		timer: 2.4043055555555552 hours
			tof_link_la_typ:	10600000		timer: 2.4272613888888887 hours
			tof_link_la_typ:	10700000		timer: 2.4529472222222224 hours
			tof_link_la_typ:	10800000		timer: 2.4843925 hours
			tof_link_la_typ:	10900000		timer: 2.508098888888889 hours
			tof_link_la_typ:	11000000		timer: 2.5313541666666665 hours
			tof_link_la_typ:	11100000		timer: 2.5574174999999996 hours
			tof_link_la_typ:	11200000		timer: 2.5794966666666665 hours
			tof_link_la_typ:	11300000		timer: 2.601536388888889 hours
			tof_link_la_typ:	11400000		timer: 2.6270269444444447 hours
			tof_link_la_typ:	11500000		timer: 2.649344722222222 hours
			tof_link_la_typ:	11600000		timer: 2.671171944444444 hours
			tof_link_la_typ:	11700000		timer: 2.693033888888889 hours
			tof_link_la_typ:	11800000		timer: 2.7169272222222225 hours
			tof_link_la_typ:	11900000		timer: 2.738862777777778 hours
			tof_link_la_typ:	12000000		timer: 2.7609333333333334 hours
			tof_link_la_typ:	12100000		timer: 2.7832725000000002 hours
			tof_link_la_typ:	12200000		timer: 2.8069444444444444 hours
			tof_link_la_typ:	12300000		timer: 2.8290408333333334 hours
			tof_link_la_typ:	12400000		timer: 2.8512022222222217 hours
			tof_link_la_typ:	12500000		timer: 2.8734375 hours
			tof_link_la_typ:	12600000		timer: 2.9082855555555555 hours
			tof_link_la_typ:	12700000		timer: 2.937035555555555 hours
			tof_link_la_typ:	12800000		timer: 2.967439166666667 hours
			tof_link_la_typ:	12900000		timer: 2.998003611111111 hours
			tof_link_la_typ:	13000000		timer: 3.027139722222222 hours
			tof_link_la_typ:	13100000		timer: 3.0592405555555553 hours
			tof_link_la_typ:	13200000		timer: 3.0897786111111114 hours
			tof_link_la_typ:	13300000		timer: 3.122152777777778 hours
			tof_link_la_typ:	13400000		timer: 3.1613238888888886 hours
			tof_link_la_typ:	13500000		timer: 3.1908855555555555 hours
			tof_link_la_typ:	13600000		timer: 3.2296311111111113 hours
			tof_link_la_typ:	13700000		timer: 3.2747005555555555 hours
			tof_link_la_typ:	13800000		timer: 3.3058638888888887 hours
			tof_link_la_typ:	13900000		timer: 3.3350347222222223 hours
			tof_link_la_typ:	14000000		timer: 3.3649175 hours
			tof_link_la_typ:	14100000		timer: 3.394409722222222 hours
			tof_link_la_typ:	14200000		timer: 3.4306119444444443 hours
			tof_link_la_typ:	14300000		timer: 3.4567319444444444 hours
			tof_link_la_typ:	14400000		timer: 3.4803341666666663 hours
			tof_link_la_typ:	14500000		timer: 3.5052083333333335 hours
			tof_link_la_typ:	14600000		timer: 3.532617222222222 hours
			tof_link_la_typ:	14700000		timer: 3.5585633333333333 hours
			tof_link_la_typ:	14800000		timer: 3.584401111111111 hours
			tof_link_la_typ:	14900000		timer: 3.610659722222222 hours
			tof_link_la_typ:	15000000		timer: 3.632938333333333 hours
			tof_link_la_typ:	15100000		timer: 3.65523 hours
			tof_link_la_typ:	15200000		timer: 3.680959166666667 hours
			tof_link_la_typ:	15300000		timer: 3.7044141666666665 hours
			tof_link_la_typ:	15400000		timer: 3.733064166666667 hours
			tof_link_la_typ:	15500000		timer: 3.7685677777777773 hours
			tof_link_la_typ:	15600000		timer: 3.802565277777778 hours
			tof_link_la_typ:	15700000		timer: 3.8385894444444446 hours
			tof_link_la_typ:	15800000		timer: 3.8811805555555554 hours
			tof_link_la_typ:	15900000		timer: 3.9135113888888884 hours
			tof_link_la_typ:	16000000		timer: 3.9533377777777776 hours
			tof_link_la_typ:	16100000		timer: 3.9949869444444443 hours
			tof_link_la_typ:	16200000		timer: 4.033619722222222 hours
			tof_link_la_typ:	16300000		timer: 4.068146666666666 hours
			tof_link_la_typ:	16400000		timer: 4.10729611111111 hours
			tof_link_la_typ:	16500000		timer: 4.146718888888889 hours
			tof_link_la_typ:	16600000		timer: 4.188381111111111 hours
			tof_link_la_typ:	16700000		timer: 4.236297777777778 hours
			tof_link_la_typ:	16800000		timer: 4.280078055555555 hours
			tof_link_la_typ:	16900000		timer: 4.31658 hours
			tof_link_la_typ:	17000000		timer: 4.351653611111112 hours
			tof_link_la_typ:	17100000		timer: 4.386857777777778 hours
			tof_link_la_typ:	17200000		timer: 4.421723055555556 hours
			tof_link_la_typ:	17300000		timer: 4.454240555555556 hours
			tof_link_la_typ:	17400000		timer: 4.484049444444444 hours
			tof_link_la_typ:	17500000		timer: 4.514475 hours
			tof_link_la_typ:	17600000		timer: 4.554765555555556 hours
			tof_link_la_typ:	17700000		timer: 4.592048611111111 hours
			tof_link_la_typ:	17800000		timer: 4.634752777777778 hours
			tof_link_la_typ:	17900000		timer: 4.667504444444445 hours
			tof_link_la_typ:	18000000		timer: 4.703090277777777 hours
			tof_link_la_typ:	18100000		timer: 4.737695277777778 hours
			tof_link_la_typ:	18200000		timer: 4.776280555555556 hours
			tof_link_la_typ:	18300000		timer: 4.809839444444444 hours
			tof_link_la_typ:	18400000		timer: 4.838077222222223 hours
			tof_link_la_typ:	18500000		timer: 4.865941944444445 hours
			tof_link_la_typ:	18600000		timer: 4.904900277777778 hours
			tof_link_la_typ:	18700000		timer: 4.939526944444443 hours
			tof_link_la_typ:	18800000		timer: 4.9826475 hours
			tof_link_la_typ:	18900000		timer: 5.032274444444444 hours
			tof_link_la_typ:	19000000		timer: 5.075260555555555 hours
			tof_link_la_typ:	19100000		timer: 5.112660555555555 hours
			tof_link_la_typ:	19200000		timer: 5.152695277777778 hours
			tof_link_la_typ:	19300000		timer: 5.184644166666668 hours
			tof_link_la_typ:	19400000		timer: 5.232795277777778 hours
			tof_link_la_typ:	19500000		timer: 5.278632777777778 hours
			tof_link_la_typ:	19600000		timer: 5.317994722222222 hours
			tof_link_la_typ:	19700000		timer: 5.358077222222223 hours
			tof_link_la_typ:	19800000		timer: 5.395664166666666 hours
			tof_link_la_typ:	19900000		timer: 5.443962777777778 hours
			tof_link_la_typ:	20000000		timer: 5.484765555555556 hours
			tof_link_la_typ:	20100000		timer: 5.527079166666667 hours
			tof_link_la_typ:	20200000		timer: 5.566054722222222 hours
			tof_link_la_typ:	20300000		timer: 5.6039497222222225 hours
			tof_link_la_typ:	20400000		timer: 5.633012222222223 hours
			tof_link_la_typ:	20500000		timer: 5.672908055555555 hours
			tof_link_la_typ:	20600000		timer: 5.706848888888889 hours
			tof_link_la_typ:	20700000		timer: 5.745364722222222 hours
			tof_link_la_typ:	20800000		timer: 5.783685 hours
			tof_link_la_typ:	20900000		timer: 5.810173611111111 hours
			tof_link_la_typ:	21000000		timer: 5.840195277777778 hours
			tof_link_la_typ:	21100000		timer: 5.877369722222222 hours
			tof_link_la_typ:	21200000		timer: 5.907552222222222 hours
			tof_link_la_typ:	21300000		timer: 5.938185833333334 hours
			tof_link_la_typ:	21400000		timer: 5.965902777777777 hours
			tof_link_la_typ:	21500000		timer: 6.004249166666666 hours
			tof_link_la_typ:	21600000		timer: 6.042916666666667 hours
			tof_link_la_typ:	21700000		timer: 6.080677222222222 hours
			tof_link_la_typ:	21800000		timer: 6.1126475 hours
			tof_link_la_typ:	21900000		timer: 6.149097222222222 hours
			tof_link_la_typ:	22000000		timer: 6.181848888888889 hours
			tof_link_la_typ:	22100000		timer: 6.217556388888889 hours
			tof_link_la_typ:	22200000		timer: 6.256215277777778 hours
			tof_link_la_typ:	22300000		timer: 6.298111944444445 hours
			tof_link_la_typ:	22400000		timer: 6.337296111111112 hours
			tof_link_la_typ:	22500000		timer: 6.380403611111111 hours
			tof_link_la_typ:	22600000		timer: 6.4197613888888885 hours
			tof_link_la_typ:	22700000		timer: 6.461705833333332 hours
			tof_link_la_typ:	22800000		timer: 6.490980833333333 hours
			tof_link_la_typ:	22900000		timer: 6.5283202777777785 hours
			tof_link_la_typ:	23000000		timer: 6.561328055555555 hours
			tof_link_la_typ:	23100000		timer: 6.5994488888888885 hours
			tof_link_la_typ:	23200000		timer: 6.6522266666666665 hours
			tof_link_la_typ:	23300000		timer: 6.691380277777778 hours
			tof_link_la_typ:	23400000		timer: 6.734027777777778 hours
			tof_link_la_typ:	23500000		timer: 6.775850833333333 hours
			tof_link_la_typ:	23600000		timer: 6.817691111111111 hours
			tof_link_la_typ:	23700000		timer: 6.86175361111111 hours
			tof_link_la_typ:	23800000		timer: 6.8931425 hours
			tof_link_la_typ:	23900000		timer: 6.930095555555556 hours
			tof_link_la_typ:	24000000		timer: 6.966115555555556 hours
			tof_link_la_typ:	24100000		timer: 7.004956666666668 hours
			tof_link_la_typ:	24200000		timer: 7.058255277777778 hours
			tof_link_la_typ:	24300000		timer: 7.113116388888889 hours
			tof_link_la_typ:	24400000		timer: 7.159700555555555 hours
			tof_link_la_typ:	24500000		timer: 7.192747499999999 hours
			tof_link_la_typ:	24600000		timer: 7.239461944444444 hours
			tof_link_la_typ:	24700000		timer: 7.2802863888888885 hours
			tof_link_la_typ:	24800000		timer: 7.3259549999999995 hours
			tof_link_la_typ:	24900000		timer: 7.371736111111111 hours
			tof_link_la_typ:	25000000		timer: 7.4225955555555565 hours
			tof_link_la_typ:	25100000		timer: 7.4700825 hours
			tof_link_la_typ:	25200000		timer: 7.514396666666667 hours
			tof_link_la_typ:	25300000		timer: 7.556996666666666 hours
			tof_link_la_typ:	25400000		timer: 7.599158055555557 hours
			tof_link_la_typ:	25500000		timer: 7.6397916666666665 hours
			tof_link_la_typ:	25600000		timer: 7.688385555555555 hours
			tof_link_la_typ:	25700000		timer: 7.72451388888889 hours
			tof_link_la_typ:	25800000		timer: 7.768763055555555 hours
			tof_link_la_typ:	25900000		timer: 7.811319444444445 hours
			tof_link_la_typ:	26000000		timer: 7.856836111111111 hours
			tof_link_la_typ:	26100000		timer: 7.902126666666666 hours
			tof_link_la_typ:	26200000		timer: 7.949613888888889 hours
			tof_link_la_typ:	26300000		timer: 7.9867622222222225 hours
			tof_link_la_typ:	26400000		timer: 8.03550361111111 hours
			tof_link_la_typ:	26500000		timer: 8.076957499999999 hours
			tof_link_la_typ:	26600000		timer: 8.109952222222222 hours
			tof_link_la_typ:	26700000		timer: 8.152660555555556 hours
			tof_link_la_typ:	26800000		timer: 8.197686666666666 hours
			tof_link_la_typ:	26900000		timer: 8.238663333333333 hours
			tof_link_la_typ:	27000000		timer: 8.279166666666666 hours
			tof_link_la_typ:	27100000		timer: 8.316406388888888 hours
			tof_link_la_typ:	27200000		timer: 8.363928055555556 hours
			tof_link_la_typ:	27300000		timer: 8.403029444444444 hours
			tof_link_la_typ:	27400000		timer: 8.45107638888889 hours
			tof_link_la_typ:	27500000		timer: 8.494375 hours
			tof_link_la_typ:	27600000		timer: 8.540060833333333 hours
			tof_link_la_typ:	27700000		timer: 8.583602500000001 hours
			tof_link_la_typ:	27800000		timer: 8.6311675 hours
			tof_link_la_typ:	27900000		timer: 8.670047777777776 hours
			tof_link_la_typ:	28000000		timer: 8.713680555555555 hours
			tof_link_la_typ:	28100000		timer: 8.752899444444443 hours
			tof_link_la_typ:	28200000		timer: 8.794188333333332 hours
			tof_link_la_typ:	28300000		timer: 8.83665361111111 hours
			tof_link_la_typ:	28400000		timer: 8.877000833333333 hours
			tof_link_la_typ:	28500000		timer: 8.91852 hours
			tof_link_la_typ:	28600000		timer: 8.966158888888888 hours
			tof_link_la_typ:	28700000		timer: 9.006987777777777 hours
			tof_link_la_typ:	28800000		timer: 9.051319444444443 hours
			tof_link_la_typ:	28900000		timer: 9.096740555555555 hours
			tof_link_la_typ:	29000000		timer: 9.140455833333334 hours
			tof_link_la_typ:	29100000		timer: 9.172491388888888 hours
			tof_link_la_typ:	29200000		timer: 9.220629444444446 hours
			tof_link_la_typ:	29300000		timer: 9.271723055555556 hours
			tof_link_la_typ:	29400000		timer: 9.322365555555556 hours
			tof_link_la_typ:	29500000		timer: 9.369635555555556 hours
			tof_link_la_typ:	29600000		timer: 9.415264722222222 hours
			tof_link_la_typ:	29700000		timer: 9.465039166666667 hours
			tof_link_la_typ:	29800000		timer: 9.512790833333332 hours
			tof_link_la_typ:	29900000		timer: 9.570625 hours
			tof_link_la_typ:	30000000		timer: 9.618111944444445 hours
			tof_link_la_typ:	30100000		timer: 9.670824722222221 hours
			tof_link_la_typ:	30200000		timer: 9.716927222222221 hours
			tof_link_la_typ:	30300000		timer: 9.762808333333334 hours
			tof_link_la_typ:	30400000		timer: 9.814093055555556 hours
			tof_link_la_typ:	30500000		timer: 9.855264722222221 hours
			tof_link_la_typ:	30600000		timer: 9.901580000000001 hours
			tof_link_la_typ:	30700000		timer: 9.950269166666665 hours
			tof_link_la_typ:	30800000		timer: 9.987009722222222 hours
			tof_link_la_typ:	30900000		timer: 10.033754444444445 hours
			tof_link_la_typ:	31000000		timer: 10.086228333333332 hours
			tof_link_la_typ:	31100000		timer: 10.134726666666667 hours
			tof_link_la_typ:	31200000		timer: 10.192296111111112 hours
			tof_link_la_typ:	31300000		timer: 10.236740555555558 hours
			tof_link_la_typ:	31400000		timer: 10.286922777777778 hours
			tof_link_la_typ:	31500000		timer: 10.339583333333333 hours
			tof_link_la_typ:	31600000		timer: 10.384665833333333 hours
			tof_link_la_typ:	31700000		timer: 10.431371666666667 hours
			tof_link_la_typ:	31800000		timer: 10.488932222222223 hours
			tof_link_la_typ:	31900000		timer: 10.5399175 hours
			tof_link_la_typ:	32000000		timer: 10.593506944444444 hours
			tof_link_la_typ:	32100000		timer: 10.675204166666667 hours
			tof_link_la_typ:	32200000		timer: 10.728550277777778 hours
			tof_link_la_typ:	32300000		timer: 10.773012222222222 hours
			tof_link_la_typ:	32400000		timer: 10.8225175 hours
			tof_link_la_typ:	32500000		timer: 10.870082499999998 hours
			tof_link_la_typ:	32600000		timer: 10.921731944444443 hours
			tof_link_la_typ:	32700000		timer: 10.969201388888887 hours
			tof_link_la_typ:	32800000		timer: 11.011471388888887 hours
			tof_link_la_typ:	32900000		timer: 11.06056 hours
			tof_link_la_typ:	33000000		timer: 11.11380638888889 hours
			tof_link_la_typ:	33100000		timer: 11.169639722222223 hours
			tof_link_la_typ:	33200000		timer: 11.220581666666666 hours
			tof_link_la_typ:	33300000		timer: 11.255542499999999 hours
			tof_link_la_typ:	33400000		timer: 11.30704861111111 hours
			tof_link_la_typ:	33500000		timer: 11.364427222222222 hours
			tof_link_la_typ:	33600000		timer: 11.413311666666665 hours
			tof_link_la_typ:	33700000		timer: 11.465894166666665 hours
			tof_link_la_typ:	33800000		timer: 11.513984444444444 hours
			tof_link_la_typ:	33900000		timer: 11.564366388888888 hours
			tof_link_la_typ:	34000000		timer: 11.604817777777777 hours
			tof_link_la_typ:	34100000		timer: 11.647057222222223 hours
			tof_link_la_typ:	34200000		timer: 11.693828055555554 hours
			tof_link_la_typ:	34300000		timer: 11.74556861111111 hours
			tof_link_la_typ:	34400000		timer: 11.79509111111111 hours
			tof_link_la_typ:	34500000		timer: 11.820112777777778 hours
			tof_link_la_typ:	34600000		timer: 11.864965277777777 hours
			tof_link_la_typ:	34700000		timer: 11.90632388888889 hours
			tof_link_la_typ:	34800000		timer: 11.955121666666666 hours
			tof_link_la_typ:	34900000		timer: 11.998910555555557 hours
			tof_link_la_typ:	35000000		timer: 12.027704166666666 hours
			tof_link_la_typ:	35100000		timer: 12.054895833333335 hours
			tof_link_la_typ:	35200000		timer: 12.10142361111111 hours
			tof_link_la_typ:	35300000		timer: 12.156484444444442 hours
			tof_link_la_typ:	35400000		timer: 12.204396666666667 hours
			tof_link_la_typ:	35500000		timer: 12.262591111111111 hours
			tof_link_la_typ:	35600000		timer: 12.30002611111111 hours
			tof_link_la_typ:	35700000		timer: 12.341072222222221 hours
			tof_link_la_typ:	35800000		timer: 12.388190277777777 hours
			tof_link_la_typ:	35900000		timer: 12.417287499999998 hours
			tof_link_la_typ:	36000000		timer: 12.454852499999997 hours
			tof_link_la_typ:	36100000		timer: 12.495078055555556 hours
			tof_link_la_typ:	36200000		timer: 12.546106944444444 hours
			tof_link_la_typ:	36300000		timer: 12.578676388888888 hours
			tof_link_la_typ:	36400000		timer: 12.618797777777777 hours
			tof_link_la_typ:	36500000		timer: 12.654848055555556 hours
			tof_link_la_typ:	36600000		timer: 12.696922777777777 hours
			tof_link_la_typ:	36700000		timer: 12.741523611111111 hours
			tof_link_la_typ:	36800000		timer: 12.785256111111111 hours
			tof_link_la_typ:	36900000		timer: 12.840625 hours
			tof_link_la_typ:	37000000		timer: 12.89033 hours
			tof_link_la_typ:	37100000		timer: 12.937790833333332 hours
			tof_link_la_typ:	37200000		timer: 12.987230833333335 hours
			tof_link_la_typ:	37300000		timer: 13.027230833333334 hours
			tof_link_la_typ:	37400000		timer: 13.064201388888888 hours
			tof_link_la_typ:	37500000		timer: 13.10898 hours
			tof_link_la_typ:	37600000		timer: 13.149370833333334 hours
			tof_link_la_typ:	37700000		timer: 13.199383611111111 hours
			tof_link_la_typ:	37800000		timer: 13.239561666666667 hours
			tof_link_la_typ:	37900000		timer: 13.292981944444445 hours
			tof_link_la_typ:	38000000		timer: 13.340959166666666 hours
			tof_link_la_typ:	38100000		timer: 13.388350833333333 hours
			tof_link_la_typ:	38200000		timer: 13.437339444444443 hours
			tof_link_la_typ:	38300000		timer: 13.484266666666666 hours
			tof_link_la_typ:	38400000		timer: 13.528689166666668 hours
			tof_link_la_typ:	38500000		timer: 13.569986944444444 hours
			tof_link_la_typ:	38600000		timer: 13.621909722222222 hours
			tof_link_la_typ:	38700000		timer: 13.670264722222222 hours
			tof_link_la_typ:	38800000		timer: 13.720611944444444 hours
			tof_link_la_typ:	38900000		timer: 13.769453055555555 hours
			tof_link_la_typ:	39000000		timer: 13.811888055555554 hours
			tof_link_la_typ:	39100000		timer: 13.85948777777778 hours
			tof_link_la_typ:	39200000		timer: 13.905955 hours
			tof_link_la_typ:	39300000		timer: 13.952960000000001 hours
			tof_link_la_typ:	39400000		timer: 14.002157222222223 hours
			tof_link_la_typ:	39500000		timer: 14.040368888888888 hours
			tof_link_la_typ:	39600000		timer: 14.084739722222222 hours
			tof_link_la_typ:	39700000		timer: 14.126710000000001 hours
			tof_link_la_typ:	39800000		timer: 14.1770225 hours
			tof_link_la_typ:	39900000		timer: 14.2249175 hours
			tof_link_la_typ:	40000000		timer: 14.2744575 hours
			tof_link_la_typ:	40100000		timer: 14.319179722222221 hours
			tof_link_la_typ:	40200000		timer: 14.360021666666666 hours
			tof_link_la_typ:	40300000		timer: 14.40474388888889 hours
			tof_link_la_typ:	40400000		timer: 14.452200555555554 hours
			tof_link_la_typ:	40500000		timer: 14.505108611111113 hours
			tof_link_la_typ:	40600000		timer: 14.539709166666666 hours
			tof_link_la_typ:	40700000		timer: 14.591145833333334 hours
			tof_link_la_typ:	40800000		timer: 14.646180555555556 hours
			tof_link_la_typ:	40900000		timer: 14.691128611111111 hours
			tof_link_la_typ:	41000000		timer: 14.740004444444446 hours
			tof_link_la_typ:	41100000		timer: 14.778559166666667 hours
			tof_link_la_typ:	41200000		timer: 14.835052222222223 hours
			tof_link_la_typ:	41300000		timer: 14.897790833333333 hours
			tof_link_la_typ:	41400000		timer: 14.950555555555555 hours
			tof_link_la_typ:	41500000		timer: 15.004131944444445 hours
			tof_link_la_typ:	41600000		timer: 15.055560000000001 hours
			tof_link_la_typ:	41700000		timer: 15.100533888888888 hours
			tof_link_la_typ:	41800000		timer: 15.139279444444444 hours
			tof_link_la_typ:	41900000		timer: 15.181697222222222 hours
			tof_link_la_typ:	42000000		timer: 15.229705000000001 hours
			tof_link_la_typ:	42100000		timer: 15.28053388888889 hours
			tof_link_la_typ:	42200000		timer: 15.32588111111111 hours
			tof_link_la_typ:	42300000		timer: 15.356441111111111 hours
			tof_link_la_typ:	42400000		timer: 15.406059166666667 hours
			tof_link_la_typ:	42500000		timer: 15.468828055555555 hours
			tof_link_la_typ:	42600000		timer: 15.525520833333333 hours
			tof_link_la_typ:	42700000		timer: 15.582304722222222 hours
			tof_link_la_typ:	42800000		timer: 15.628086111111111 hours
			tof_link_la_typ:	42900000		timer: 15.684939166666668 hours
			tof_link_la_typ:	43000000		timer: 15.739995833333333 hours
			tof_link_la_typ:	43100000		timer: 15.782309166666667 hours
			tof_link_la_typ:	43200000		timer: 15.82183611111111 hours
			tof_link_la_typ:	43300000		timer: 15.865299444444444 hours
			tof_link_la_typ:	43400000		timer: 15.906631944444445 hours
			tof_link_la_typ:	43500000		timer: 15.96421888888889 hours
			tof_link_la_typ:	43600000		timer: 16.01509111111111 hours
			tof_link_la_typ:	43700000		timer: 16.067721388888888 hours
			tof_link_la_typ:	43800000		timer: 16.113138055555556 hours
			tof_link_la_typ:	43900000		timer: 16.164383611111112 hours
			tof_link_la_typ:	44000000		timer: 16.20772138888889 hours
			tof_link_la_typ:	44100000		timer: 16.257738888888887 hours
			tof_link_la_typ:	44200000		timer: 16.29587666666667 hours
			tof_link_la_typ:	44300000		timer: 16.339223055555557 hours
			tof_link_la_typ:	44400000		timer: 16.395538333333334 hours
			tof_link_la_typ:	44500000		timer: 16.433854166666666 hours
			tof_link_la_typ:	44600000		timer: 16.481566944444445 hours
			tof_link_la_typ:	44700000		timer: 16.523320277777777 hours
			tof_link_la_typ:	44800000		timer: 16.567430555555557 hours
			tof_link_la_typ:	44900000		timer: 16.602421944444444 hours
			tof_link_la_typ:	45000000		timer: 16.63808611111111 hours
			tof_link_la_typ:	45100000		timer: 16.66908 hours
			tof_link_la_typ:	45200000		timer: 16.710841944444446 hours
			tof_link_la_typ:	45300000		timer: 16.769739722222223 hours
			tof_link_la_typ:	45400000		timer: 16.80341138888889 hours
			tof_link_la_typ:	45500000		timer: 16.8533725 hours
			tof_link_la_typ:	45600000		timer: 16.900789999999997 hours
			tof_link_la_typ:	45700000		timer: 16.937026944444444 hours
			tof_link_la_typ:	45800000		timer: 16.973133611111112 hours
			tof_link_la_typ:	45900000		timer: 17.01138027777778 hours
			tof_link_la_typ:	46000000		timer: 17.05132388888889 hours
			tof_link_la_typ:	46100000		timer: 17.12730916666667 hours
			tof_link_la_typ:	46200000		timer: 17.164158055555553 hours
			tof_link_la_typ:	46300000		timer: 17.201037499999998 hours
			tof_link_la_typ:	46400000		timer: 17.23969194444445 hours
			tof_link_la_typ:	46500000		timer: 17.28546 hours
			tof_link_la_typ:	46600000		timer: 17.315069444444443 hours
			tof_link_la_typ:	46700000		timer: 17.346154444444444 hours
			tof_link_la_typ:	46800000		timer: 17.393133611111114 hours
			tof_link_la_typ:	46900000		timer: 17.431158888888887 hours
			tof_link_la_typ:	47000000		timer: 17.4688975 hours
			tof_link_la_typ:	47100000		timer: 17.51826833333333 hours
			tof_link_la_typ:	47200000		timer: 17.566345555555553 hours
			tof_link_la_typ:	47300000		timer: 17.647291666666667 hours
			tof_link_la_typ:	47400000		timer: 17.69806861111111 hours
			tof_link_la_typ:	47500000		timer: 17.734783055555557 hours
			tof_link_la_typ:	47600000		timer: 17.765086944444444 hours
			tof_link_la_typ:	47700000		timer: 17.795902777777776 hours
			tof_link_la_typ:	47800000		timer: 17.839613888888887 hours
			tof_link_la_typ:	47900000		timer: 17.88578138888889 hours
			tof_link_la_typ:	48000000		timer: 17.91946611111111 hours
			tof_link_la_typ:	48100000		timer: 17.958077222222222 hours
			tof_link_la_typ:	48200000		timer: 17.9912675 hours
			tof_link_la_typ:	48300000		timer: 18.036119722222224 hours
			tof_link_la_typ:	48400000		timer: 18.078524444444443 hours
			tof_link_la_typ:	48500000		timer: 18.15305138888889 hours
			tof_link_la_typ:	48600000		timer: 18.231975 hours
			tof_link_la_typ:	48700000		timer: 18.29911472222222 hours
			tof_link_la_typ:	48800000		timer: 18.358585 hours
			tof_link_la_typ:	48900000		timer: 18.414665833333334 hours
			tof_link_la_typ:	49000000		timer: 18.458142499999997 hours
			tof_link_la_typ:	49100000		timer: 18.53490888888889 hours
			tof_link_la_typ:	49200000		timer: 18.585416666666667 hours
			tof_link_la_typ:	49300000		timer: 18.61601138888889 hours
			tof_link_la_typ:	49400000		timer: 18.666944444444443 hours
			tof_link_la_typ:	49500000		timer: 18.694830833333334 hours
			tof_link_la_typ:	49600000		timer: 18.733685 hours
			tof_link_la_typ:	49700000		timer: 18.77201388888889 hours
			tof_link_la_typ:	49800000		timer: 18.81461388888889 hours
			tof_link_la_typ:	49900000		timer: 18.858129444444444 hours
			tof_link_la_typ:	50000000		timer: 18.896254444444444 hours
			tof_link_la_typ:	50100000		timer: 18.959553055555556 hours
			tof_link_la_typ:	50200000		timer: 19.011454166666666 hours
			tof_link_la_typ:	50300000		timer: 19.039561666666667 hours
			tof_link_la_typ:	50400000		timer: 19.092435000000002 hours
			tof_link_la_typ:	50500000		timer: 19.142816944444448 hours
			tof_link_la_typ:	50600000		timer: 19.172816944444445 hours
			tof_link_la_typ:	50700000		timer: 19.208658888888887 hours
			tof_link_la_typ:	50800000		timer: 19.259448888888887 hours
			tof_link_la_typ:	50900000		timer: 19.335820277777774 hours
			tof_link_la_typ:	51000000		timer: 19.38421888888889 hours
			tof_link_la_typ:	51100000		timer: 19.447009722222223 hours
			tof_link_la_typ:	51200000		timer: 19.521666666666664 hours
			tof_link_la_typ:	51300000		timer: 19.578793333333333 hours
			tof_link_la_typ:	51400000		timer: 19.617165833333334 hours
			tof_link_la_typ:	51500000		timer: 19.665885555555554 hours
			tof_link_la_typ:	51600000		timer: 19.715486111111108 hours
			tof_link_la_typ:	51700000		timer: 19.779175277777778 hours
			tof_link_la_typ:	51800000		timer: 19.835169444444442 hours
			tof_link_la_typ:	51900000		timer: 19.871046111111113 hours
			tof_link_la_typ:	52000000		timer: 19.92866333333333 hours
			tof_link_la_typ:	52100000		timer: 19.972278611111107 hours
			tof_link_la_typ:	52200000		timer: 20.011996666666665 hours
			tof_link_la_typ:	52300000		timer: 20.043129444444446 hours
			tof_link_la_typ:	52400000		timer: 20.073224999999997 hours
			tof_link_la_typ:	52500000		timer: 20.100859444444442 hours
			tof_link_la_typ:	52600000		timer: 20.135121666666666 hours
			tof_link_la_typ:	52700000		timer: 20.162955833333335 hours
			tof_link_la_typ:	52800000		timer: 20.185507777777776 hours
			tof_link_la_typ:	52900000		timer: 20.208146666666664 hours
			tof_link_la_typ:	53000000		timer: 20.230056388888886 hours
			tof_link_la_typ:	53100000		timer: 20.25178388888889 hours
			tof_link_la_typ:	53200000		timer: 20.27331611111111 hours
			tof_link_la_typ:	53300000		timer: 20.29490888888889 hours
			tof_link_la_typ:	53400000		timer: 20.317504444444445 hours
			tof_link_la_typ:	53500000		timer: 20.339305555555555 hours
			tof_link_la_typ:	53600000		timer: 20.36112861111111 hours
			tof_link_la_typ:	53700000		timer: 20.382921111111113 hours
			tof_link_la_typ:	53800000		timer: 20.404835 hours
			tof_link_la_typ:	53900000		timer: 20.42673611111111 hours
			tof_link_la_typ:	54000000		timer: 20.448455 hours
			tof_link_la_typ:	54100000		timer: 20.471263055555557 hours
			tof_link_la_typ:	54200000		timer: 20.492621666666664 hours
			tof_link_la_typ:	54300000		timer: 20.514149444444445 hours
			tof_link_la_typ:	54400000		timer: 20.536527777777777 hours
			tof_link_la_typ:	54500000		timer: 20.55834638888889 hours
			tof_link_la_typ:	54600000		timer: 20.57973527777778 hours
			tof_link_la_typ:	54700000		timer: 20.60142805555556 hours
			tof_link_la_typ:	54800000		timer: 20.623754444444444 hours
			tof_link_la_typ:	54900000		timer: 20.64567277777778 hours
			tof_link_la_typ:	55000000		timer: 20.667617222222226 hours
			tof_link_la_typ:	55100000		timer: 20.69010861111111 hours
			tof_link_la_typ:	55200000		timer: 20.712157222222224 hours
			tof_link_la_typ:	55300000		timer: 20.733915 hours
			tof_link_la_typ:	55400000		timer: 20.75651472222222 hours
			tof_link_la_typ:	55500000		timer: 20.779140555555557 hours
			tof_link_la_typ:	55600000		timer: 20.80536027777778 hours
			tof_link_la_typ:	55700000		timer: 20.827118055555555 hours
			tof_link_la_typ:	55800000		timer: 20.848867222222225 hours
			tof_link_la_typ:	55900000		timer: 20.874635555555553 hours
			tof_link_la_typ:	56000000		timer: 20.89936638888889 hours
			tof_link_la_typ:	56100000		timer: 20.922109444444444 hours
			tof_link_la_typ:	56200000		timer: 20.9448525 hours
			tof_link_la_typ:	56300000		timer: 20.967790833333332 hours
			tof_link_la_typ:	56400000		timer: 20.990234444444446 hours
			tof_link_la_typ:	56500000		timer: 21.013051388888886 hours
			tof_link_la_typ:	56600000		timer: 21.034982777777777 hours
			tof_link_la_typ:	56700000		timer: 21.057248333333334 hours
			tof_link_la_typ:	56800000		timer: 21.079600833333334 hours
			tof_link_la_typ:	56900000		timer: 21.102348055555556 hours
			tof_link_la_typ:	57000000		timer: 21.124279444444443 hours
			tof_link_la_typ:	57100000		timer: 21.146788333333333 hours
			tof_link_la_typ:	57200000		timer: 21.169453055555557 hours
			tof_link_la_typ:	57300000		timer: 21.191319444444445 hours
			tof_link_la_typ:	57400000		timer: 21.213194444444447 hours
			tof_link_la_typ:	57500000		timer: 21.23490027777778 hours
			tof_link_la_typ:	57600000		timer: 21.2571875 hours
			tof_link_la_typ:	57700000		timer: 21.279622500000002 hours
			tof_link_la_typ:	57800000		timer: 21.302074722222222 hours
			tof_link_la_typ:	57900000		timer: 21.323966944444446 hours
			tof_link_la_typ:	58000000		timer: 21.34588555555555 hours
			tof_link_la_typ:	58100000		timer: 21.367521666666665 hours
			tof_link_la_typ:	58200000		timer: 21.390117222222223 hours
			tof_link_la_typ:	58300000		timer: 21.411987777777778 hours
			tof_link_la_typ:	58400000		timer: 21.43393222222222 hours
			tof_link_la_typ:	58500000		timer: 21.4558725 hours
			tof_link_la_typ:	58600000		timer: 21.477729999999997 hours
			tof_link_la_typ:	58700000		timer: 21.501888055555557 hours
			tof_link_la_typ:	58800000		timer: 21.524348888888887 hours
			tof_link_la_typ:	58900000		timer: 21.55229166666667 hours
			tof_link_la_typ:	59000000		timer: 21.575955 hours
			tof_link_la_typ:	59100000		timer: 21.60009111111111 hours
			tof_link_la_typ:	59200000		timer: 21.626328055555557 hours
			tof_link_la_typ:	59300000		timer: 21.650616388888885 hours
			tof_link_la_typ:	59400000		timer: 21.684388055555555 hours
			tof_link_la_typ:	59500000		timer: 21.708966944444444 hours
			tof_link_la_typ:	59600000		timer: 21.731705833333333 hours
			tof_link_la_typ:	59700000		timer: 21.75434027777778 hours
			tof_link_la_typ:	59800000		timer: 21.776345555555554 hours
			tof_link_la_typ:	59900000		timer: 21.798159722222223 hours
			tof_link_la_typ:	60000000		timer: 21.820355833333334 hours
			tof_link_la_typ:	60100000		timer: 21.842074722222222 hours
			tof_link_la_typ:	60200000		timer: 21.872287500000002 hours
			tof_link_la_typ:	60300000		timer: 21.898867222222225 hours
			tof_link_la_typ:	60400000		timer: 21.920803055555556 hours
			tof_link_la_typ:	60500000		timer: 21.944948055555553 hours
			tof_link_la_typ:	60600000		timer: 21.969153611111107 hours
			tof_link_la_typ:	60700000		timer: 21.99362861111111 hours
			tof_link_la_typ:	60800000		timer: 22.01676222222222 hours
			tof_link_la_typ:	60900000		timer: 22.03908 hours
			tof_link_la_typ:	61000000		timer: 22.061310833333333 hours
			tof_link_la_typ:	61100000		timer: 22.08355027777778 hours
			tof_link_la_typ:	61200000		timer: 22.106506111111112 hours
			tof_link_la_typ:	61300000		timer: 22.13226138888889 hours
			tof_link_la_typ:	61400000		timer: 22.15473972222222 hours
			tof_link_la_typ:	61500000		timer: 22.177222222222223 hours
			tof_link_la_typ:	61600000		timer: 22.199240555555555 hours
			tof_link_la_typ:	61700000		timer: 22.221180555555555 hours
			tof_link_la_typ:	61800000		timer: 22.242895 hours
			tof_link_la_typ:	61900000		timer: 22.26461388888889 hours
			tof_link_la_typ:	62000000		timer: 22.286345555555556 hours
			tof_link_la_typ:	62100000		timer: 22.3080425 hours
			tof_link_la_typ:	62200000		timer: 22.329869722222223 hours
			tof_link_la_typ:	62300000		timer: 22.352057222222225 hours
			tof_link_la_typ:	62400000		timer: 22.37365888888889 hours
			tof_link_la_typ:	62500000		timer: 22.395416666666666 hours
30d.8m.2010 11:35
End import tof_link_la_typ: 		62560882 rows total;		Total Time: 22.408867222222223 hours	avg: 2.1491577329957296 minutes

Disconnecting
Finished